Case #1: 135466572 715466532
Case #2: 173452117 773452111
Case #3: 575906967 975905667
Case #4: 208297360 908227360
Case #5: 196888762 976888162
Case #6: 229735494 929735424
Case #7: 120785607 820715607
Case #8: 139294502 939214502
Case #9: 380045476 830045476
Case #10: 158421087 858421017
Case #11: 999999999 999999999
Case #12: 0 0
Case #13: 157482048 857412048
Case #14: 9990999 9990999
Case #15: 23734873 83734273
Case #16: 12753239 92753213
Case #17: 10 10
Case #18: 263033536 663033523
Case #19: 114338255 814133255
Case #20: 197557112 917557112
