Case #1: 798717050 797874213
Case #2: 149556166 176349646
Case #3: 116188991 469122262
Case #4: 678762874 810834988
Case #5: 350000919 14
Case #6: 931707689 601702223
Case #7: 715062585 794279542
Case #8: 9814502 808219050
Case #9: 407599208 416582650
Case #10: 896508018 785126250
Case #11: 275736028 844497257
Case #12: 1 1
Case #13: 1 1
Case #14: 128185490 648087915
Case #15: 914956340 949904131
Case #16: 304284048 947787397
Case #17: 622770288 707003450
Case #18: 319838403 319838403
Case #19: 132989766 947787397
Case #20: 758592999 530342463
